  Cat.cpp
  EyeCandyManager.cpp
c:\users\jmpga\documents\visual studio 2017\projects\sdlwaves\sdlwaves\eyecandymanager.cpp(14): warning C4244: 'initializing': conversion from 'double' to 'int', possible loss of data
  Grid.cpp
c:\users\jmpga\documents\visual studio 2017\projects\sdlwaves\sdlwaves\grid.cpp(51): warning C4244: 'initializing': conversion from 'double' to 'int', possible loss of data
  Main.cpp
c:\users\jmpga\documents\visual studio 2017\projects\sdlwaves\sdlwaves\main.cpp(274): warning C4244: 'argument': conversion from 'double' to 'int', possible loss of data
c:\users\jmpga\documents\visual studio 2017\projects\sdlwaves\sdlwaves\main.cpp(273): warning C4244: 'argument': conversion from 'double' to 'int', possible loss of data
c:\users\jmpga\documents\visual studio 2017\projects\sdlwaves\sdlwaves\main.cpp(282): warning C4244: 'argument': conversion from 'double' to 'int', possible loss of data
c:\users\jmpga\documents\visual studio 2017\projects\sdlwaves\sdlwaves\main.cpp(367): warning C4244: 'argument': conversion from 'double' to 'int', possible loss of data
c:\users\jmpga\documents\visual studio 2017\projects\sdlwaves\sdlwaves\main.cpp(366): warning C4244: 'argument': conversion from 'double' to 'int', possible loss of data
c:\users\jmpga\documents\visual studio 2017\projects\sdlwaves\sdlwaves\main.cpp(375): warning C4244: 'argument': conversion from 'double' to 'int', possible loss of data
c:\users\jmpga\documents\visual studio 2017\projects\sdlwaves\sdlwaves\main.cpp(514): warning C4244: '=': conversion from 'double' to 'int', possible loss of data
c:\users\jmpga\documents\visual studio 2017\projects\sdlwaves\sdlwaves\main.cpp(590): warning C4244: 'argument': conversion from 'double' to 'int', possible loss of data
c:\users\jmpga\documents\visual studio 2017\projects\sdlwaves\sdlwaves\main.cpp(589): warning C4244: 'argument': conversion from 'double' to 'int', possible loss of data
c:\users\jmpga\documents\visual studio 2017\projects\sdlwaves\sdlwaves\main.cpp(598): warning C4244: 'argument': conversion from 'double' to 'int', possible loss of data
c:\users\jmpga\documents\visual studio 2017\projects\sdlwaves\sdlwaves\main.cpp(682): warning C4101: 'e': unreferenced local variable
  Silhouette.cpp
c:\users\jmpga\documents\visual studio 2017\projects\sdlwaves\sdlwaves\silhouette.cpp(320): warning C4018: '<': signed/unsigned mismatch
c:\users\jmpga\documents\visual studio 2017\projects\sdlwaves\sdlwaves\silhouette.cpp(322): warning C4018: '<': signed/unsigned mismatch
c:\users\jmpga\documents\visual studio 2017\projects\sdlwaves\sdlwaves\silhouette.cpp(341): warning C4018: '<': signed/unsigned mismatch
c:\users\jmpga\documents\visual studio 2017\projects\sdlwaves\sdlwaves\silhouette.cpp(343): warning C4018: '<': signed/unsigned mismatch
c:\users\jmpga\documents\visual studio 2017\projects\sdlwaves\sdlwaves\silhouette.cpp(349): warning C4305: '=': truncation from 'int' to 'bool'
c:\users\jmpga\documents\visual studio 2017\projects\sdlwaves\sdlwaves\silhouette.cpp(363): warning C4018: '<': signed/unsigned mismatch
c:\users\jmpga\documents\visual studio 2017\projects\sdlwaves\sdlwaves\silhouette.cpp(365): warning C4018: '<': signed/unsigned mismatch
c:\users\jmpga\documents\visual studio 2017\projects\sdlwaves\sdlwaves\silhouette.cpp(382): warning C4018: '<': signed/unsigned mismatch
c:\users\jmpga\documents\visual studio 2017\projects\sdlwaves\sdlwaves\silhouette.cpp(384): warning C4018: '<': signed/unsigned mismatch
c:\users\jmpga\documents\visual studio 2017\projects\sdlwaves\sdlwaves\silhouette.cpp(408): warning C4018: '<': signed/unsigned mismatch
c:\users\jmpga\documents\visual studio 2017\projects\sdlwaves\sdlwaves\silhouette.cpp(409): warning C4018: '<': signed/unsigned mismatch
c:\users\jmpga\documents\visual studio 2017\projects\sdlwaves\sdlwaves\silhouette.cpp(431): warning C4018: '<': signed/unsigned mismatch
c:\users\jmpga\documents\visual studio 2017\projects\sdlwaves\sdlwaves\silhouette.cpp(432): warning C4018: '<': signed/unsigned mismatch
c:\users\jmpga\documents\visual studio 2017\projects\sdlwaves\sdlwaves\silhouette.cpp(465): warning C4244: 'argument': conversion from 'std::chrono::system_clock::rep' to 'unsigned int', possible loss of data
c:\users\jmpga\documents\visual studio 2017\projects\sdlwaves\sdlwaves\silhouette.cpp(878): warning C4244: 'initializing': conversion from 'double' to 'int', possible loss of data
c:\users\jmpga\documents\visual studio 2017\projects\sdlwaves\sdlwaves\silhouette.cpp(888): warning C4018: '<': signed/unsigned mismatch
c:\users\jmpga\documents\visual studio 2017\projects\sdlwaves\sdlwaves\silhouette.cpp(889): warning C4018: '<': signed/unsigned mismatch
  Wavemaker.cpp
c:\users\jmpga\documents\visual studio 2017\projects\sdlwaves\sdlwaves\wavemaker.cpp(4): warning C4244: '=': conversion from 'double' to 'Uint32', possible loss of data
c:\users\jmpga\documents\visual studio 2017\projects\sdlwaves\sdlwaves\wavemaker.cpp(30): warning C4244: '=': conversion from 'double' to 'Uint32', possible loss of data
c:\users\jmpga\documents\visual studio 2017\projects\sdlwaves\sdlwaves\wavemaker.cpp(38): warning C4244: 'initializing': conversion from 'double' to 'int', possible loss of data
  Generating Code...
  SDLWaves.vcxproj -> C:\Users\jmpga\Documents\Visual Studio 2017\Projects\SDLWaves\Debug\SDLWaves.exe
